
> frontend@0.1.0 start /root/frontend
> react-scripts start

(node:426) [DEP_WEBPACK_DEV_SERVER_ON_AFTER_SETUP_MIDDLEWARE] DeprecationWarning: 'onAfterSetupMiddleware' option is deprecated. Please use the 'setupMiddlewares' option.
(Use `node --trace-deprecation ...` to show where the warning was created)
(node:426) [DEP_WEBPACK_DEV_SERVER_ON_BEFORE_SETUP_MIDDLEWARE] DeprecationWarning: 'onBeforeSetupMiddleware' option is deprecated. Please use the 'setupMiddlewares' option.
Starting the development server...

Compiled successfully!

You can now view frontend in the browser.

  Local:            http://localhost:3000
  On Your Network:  http://172.18.65.127:3000

Note that the development build is not optimized.
To create a production build, use npm run build.

assets by path static/ 1.48 MiB
  asset static/js/bundle.js 1.47 MiB [emitted] (name: main) 1 related asset
  asset static/js/node_modules_web-vitals_dist_web-vitals_js.chunk.js 6.88 KiB [emitted] 1 related asset
  asset static/media/logo.6ce24c58023cc2f8fd88fe9d219db6c6.svg 2.57 KiB [emitted] (auxiliary name: main)
asset index.html 1.67 KiB [emitted]
asset asset-manifest.json 546 bytes [emitted]
cached modules 1.36 MiB (javascript) 31.3 KiB (runtime) [cached] 120 modules
webpack 5.65.0 compiled successfully in 1038 ms

> frontend@0.1.0 start /root/frontend
> react-scripts start

(node:461) [DEP_WEBPACK_DEV_SERVER_ON_AFTER_SETUP_MIDDLEWARE] DeprecationWarning: 'onAfterSetupMiddleware' option is deprecated. Please use the 'setupMiddlewares' option.
(Use `node --trace-deprecation ...` to show where the warning was created)
(node:461) [DEP_WEBPACK_DEV_SERVER_ON_BEFORE_SETUP_MIDDLEWARE] DeprecationWarning: 'onBeforeSetupMiddleware' option is deprecated. Please use the 'setupMiddlewares' option.
Starting the development server...

Compiled successfully!

You can now view frontend in the browser.

  Local:            http://localhost:3000
  On Your Network:  http://172.18.65.127:3000

Note that the development build is not optimized.
To create a production build, use npm run build.

assets by path static/ 1.48 MiB
  asset static/js/bundle.js 1.47 MiB [emitted] (name: main) 1 related asset
  asset static/js/node_modules_web-vitals_dist_web-vitals_js.chunk.js 6.88 KiB [emitted] 1 related asset
  asset static/media/logo.6ce24c58023cc2f8fd88fe9d219db6c6.svg 2.57 KiB [emitted] (auxiliary name: main)
asset index.html 1.67 KiB [emitted]
asset asset-manifest.json 546 bytes [emitted]
cached modules 1.36 MiB (javascript) 31.3 KiB (runtime) [cached] 120 modules
webpack 5.65.0 compiled successfully in 1229 ms
The build failed because the process exited too early. This probably means the system ran out of memory or someone called `kill -9` on the process.
npm ERR! code ELIFECYCLE
npm ERR! errno 1
npm ERR! frontend@0.1.0 start: `react-scripts start`
npm ERR! Exit status 1
npm ERR! 
npm ERR! Failed at the frontend@0.1.0 start script.
npm ERR! This is probably not a problem with npm. There is likely additional logging output above.

npm ERR! A complete log of this run can be found in:
npm ERR!     /root/.npm/_logs/2021-12-26T07_25_08_254Z-debug.log
